TN:
SF:backend\controllers\AdminController.js
FN:9,(anonymous_0)
FN:35,(anonymous_1)
FNF:2
FNH:0
FNDA:0,(anonymous_0)
FNDA:0,(anonymous_1)
DA:10,0
DA:11,0
DA:12,0
DA:13,0
DA:15,0
DA:16,0
DA:18,0
DA:19,0
DA:22,0
DA:23,0
DA:26,0
DA:27,0
DA:36,0
DA:37,0
DA:38,0
DA:40,0
DA:41,0
DA:45,0
DA:46,0
DA:47,0
DA:50,0
DA:51,0
DA:53,0
DA:54,0
DA:57,0
DA:58,0
DA:61,0
DA:62,0
LF:28
LH:0
BRDA:18,0,0,0
BRDA:18,0,1,0
BRDA:22,1,0,0
BRDA:22,1,1,0
BRDA:22,2,0,0
BRDA:22,2,1,0
BRDA:40,3,0,0
BRDA:40,3,1,0
BRDA:46,4,0,0
BRDA:46,4,1,0
BRDA:53,5,0,0
BRDA:53,5,1,0
BRDA:57,6,0,0
BRDA:57,6,1,0
BRF:14
BRH:0
end_of_record
TN:
SF:backend\controllers\AuthController.js
FN:5,buildUsuarioResponse
FN:22,(anonymous_1)
FN:51,(anonymous_2)
FN:79,(anonymous_3)
FN:83,(anonymous_4)
FNF:5
FNH:0
FNDA:0,buildUsuarioResponse
FNDA:0,(anonymous_1)
FNDA:0,(anonymous_2)
FNDA:0,(anonymous_3)
FNDA:0,(anonymous_4)
DA:6,0
DA:23,0
DA:24,0
DA:25,0
DA:27,0
DA:28,0
DA:31,0
DA:38,0
DA:39,0
DA:42,0
DA:43,0
DA:52,0
DA:53,0
DA:54,0
DA:55,0
DA:57,0
DA:58,0
DA:61,0
DA:68,0
DA:80,0
DA:84,0
LF:21
LH:0
BRDA:27,0,0,0
BRDA:27,0,1,0
BRDA:38,1,0,0
BRDA:38,1,1,0
BRDA:57,2,0,0
BRDA:57,2,1,0
BRF:6
BRH:0
end_of_record
TN:
SF:backend\controllers\CoordinadorController.js
FN:9,(anonymous_0)
FNF:1
FNH:0
FNDA:0,(anonymous_0)
DA:10,0
DA:11,0
DA:12,0
DA:13,0
DA:14,0
DA:15,0
DA:17,0
DA:25,0
DA:27,0
DA:28,0
DA:31,0
DA:32,0
DA:35,0
DA:36,0
LF:14
LH:0
BRDA:15,0,0,0
BRDA:15,0,1,0
BRDA:22,1,0,0
BRDA:22,1,1,0
BRDA:27,2,0,0
BRDA:27,2,1,0
BRDA:31,3,0,0
BRDA:31,3,1,0
BRDA:31,4,0,0
BRDA:31,4,1,0
BRF:10
BRH:0
end_of_record
TN:
SF:backend\controllers\InscripcionController.js
FN:18,(anonymous_0)
FN:45,(anonymous_1)
FN:64,(anonymous_2)
FN:78,(anonymous_3)
FN:102,(anonymous_4)
FNF:5
FNH:0
FNDA:0,(anonymous_0)
FNDA:0,(anonymous_1)
FNDA:0,(anonymous_2)
FNDA:0,(anonymous_3)
FNDA:0,(anonymous_4)
DA:19,0
DA:20,0
DA:21,0
DA:23,0
DA:25,0
DA:26,0
DA:29,0
DA:30,0
DA:32,0
DA:33,0
DA:36,0
DA:37,0
DA:46,0
DA:47,0
DA:48,0
DA:49,0
DA:51,0
DA:52,0
DA:55,0
DA:56,0
DA:65,0
DA:66,0
DA:67,0
DA:69,0
DA:70,0
DA:79,0
DA:80,0
DA:82,0
DA:83,0
DA:86,0
DA:87,0
DA:89,0
DA:90,0
DA:93,0
DA:94,0
DA:103,0
DA:104,0
DA:105,0
DA:107,0
DA:109,0
DA:110,0
DA:113,0
DA:115,0
DA:116,0
DA:119,0
DA:120,0
LF:46
LH:0
BRDA:25,0,0,0
BRDA:25,0,1,0
BRDA:29,1,0,0
BRDA:29,1,1,0
BRDA:32,2,0,0
BRDA:32,2,1,0
BRDA:51,3,0,0
BRDA:51,3,1,0
BRDA:82,4,0,0
BRDA:82,4,1,0
BRDA:82,5,0,0
BRDA:82,5,1,0
BRDA:89,6,0,0
BRDA:89,6,1,0
BRDA:109,7,0,0
BRDA:109,7,1,0
BRDA:115,8,0,0
BRDA:115,8,1,0
BRF:18
BRH:0
end_of_record
TN:
SF:backend\middlewares\authMiddleware.js
FN:3,authenticateToken
FNF:1
FNH:1
FNDA:5,authenticateToken
DA:4,5
DA:5,5
DA:7,5
DA:8,3
DA:11,2
DA:12,2
DA:13,1
DA:19,1
DA:21,1
LF:9
LH:9
BRDA:4,0,0,5
BRDA:4,0,1,1
BRDA:7,1,0,3
BRDA:7,1,1,2
BRDA:7,2,0,5
BRDA:7,2,1,3
BRF:6
BRH:6
end_of_record
TN:
SF:backend\middlewares\roleMiddleware.js
FN:8,normalizeRole
FN:12,authorizeRoles
FN:15,(anonymous_2)
FNF:3
FNH:3
FNDA:15,normalizeRole
FNDA:4,authorizeRoles
FNDA:4,(anonymous_2)
DA:1,1
DA:9,15
DA:13,4
DA:15,4
DA:16,4
DA:17,1
DA:20,3
DA:21,3
DA:22,1
DA:25,2
LF:10
LH:10
BRDA:9,0,0,15
BRDA:9,0,1,10
BRDA:16,1,0,1
BRDA:16,1,1,3
BRDA:21,2,0,1
BRDA:21,2,1,2
BRF:6
BRH:6
end_of_record
TN:
SF:backend\repositories\AsignaturaRepository.js
FN:11,(anonymous_0)
FN:21,(anonymous_1)
FN:33,(anonymous_2)
FNF:3
FNH:0
FNDA:0,(anonymous_0)
FNDA:0,(anonymous_1)
FNDA:0,(anonymous_2)
DA:12,0
DA:17,0
DA:18,0
DA:24,0
DA:29,0
DA:30,0
DA:34,0
DA:38,0
LF:8
LH:0
BRF:0
BRH:0
end_of_record
TN:
SF:backend\repositories\InscripcionRepository.js
FN:9,(anonymous_0)
FN:22,(anonymous_1)
FN:34,(anonymous_2)
FN:39,(anonymous_3)
FN:44,(anonymous_4)
FN:52,(anonymous_5)
FN:63,(anonymous_6)
FNF:7
FNH:0
FNDA:0,(anonymous_0)
FNDA:0,(anonymous_1)
FNDA:0,(anonymous_2)
FNDA:0,(anonymous_3)
FNDA:0,(anonymous_4)
FNDA:0,(anonymous_5)
FNDA:0,(anonymous_6)
DA:10,0
DA:18,0
DA:19,0
DA:23,0
DA:30,0
DA:31,0
DA:35,0
DA:36,0
DA:40,0
DA:41,0
DA:45,0
DA:49,0
DA:53,0
DA:59,0
DA:60,0
DA:64,0
DA:68,0
LF:17
LH:0
BRDA:9,0,0,0
BRDA:22,1,0,0
BRDA:34,2,0,0
BRDA:39,3,0,0
BRDA:44,4,0,0
BRDA:52,5,0,0
BRDA:63,6,0,0
BRF:7
BRH:0
end_of_record
TN:
SF:backend\repositories\SeccionRepository.js
FN:10,(anonymous_0)
FN:15,(anonymous_1)
FN:20,(anonymous_2)
FN:25,(anonymous_3)
FN:35,(anonymous_4)
FN:46,(anonymous_5)
FN:57,(anonymous_6)
FN:68,(anonymous_7)
FNF:8
FNH:0
FNDA:0,(anonymous_0)
FNDA:0,(anonymous_1)
FNDA:0,(anonymous_2)
FNDA:0,(anonymous_3)
FNDA:0,(anonymous_4)
FNDA:0,(anonymous_5)
FNDA:0,(anonymous_6)
FNDA:0,(anonymous_7)
DA:11,0
DA:12,0
DA:16,0
DA:17,0
DA:21,0
DA:22,0
DA:26,0
DA:31,0
DA:32,0
DA:36,0
DA:42,0
DA:43,0
DA:47,0
DA:53,0
DA:54,0
DA:58,0
DA:64,0
DA:65,0
DA:69,0
DA:74,0
DA:75,0
LF:21
LH:0
BRDA:10,0,0,0
BRDA:15,1,0,0
BRDA:20,2,0,0
BRDA:25,3,0,0
BRDA:35,4,0,0
BRDA:46,5,0,0
BRDA:57,6,0,0
BRDA:68,7,0,0
BRF:8
BRH:0
end_of_record
TN:
SF:backend\repositories\UsuarioRepository.js
FN:15,(anonymous_0)
FN:20,(anonymous_1)
FN:25,(anonymous_2)
FN:36,(anonymous_3)
FNF:4
FNH:0
FNDA:0,(anonymous_0)
FNDA:0,(anonymous_1)
FNDA:0,(anonymous_2)
FNDA:0,(anonymous_3)
DA:16,0
DA:17,0
DA:21,0
DA:22,0
DA:26,0
DA:32,0
DA:33,0
DA:37,0
DA:38,0
LF:9
LH:0
BRDA:38,0,0,0
BRDA:38,0,1,0
BRF:2
BRH:0
end_of_record
TN:
SF:backend\routes\adminRoutes.js
FNF:0
FNH:0
DA:6,0
DA:9,0
DA:10,0
DA:11,0
LF:4
LH:0
BRF:0
BRH:0
end_of_record
TN:
SF:backend\routes\authRoutes.js
FNF:0
FNH:0
DA:5,0
DA:8,0
DA:9,0
DA:10,0
DA:11,0
LF:5
LH:0
BRF:0
BRH:0
end_of_record
TN:
SF:backend\routes\coordinadorRoutes.js
FNF:0
FNH:0
DA:6,0
DA:9,0
DA:10,0
LF:3
LH:0
BRF:0
BRH:0
end_of_record
TN:
SF:backend\routes\inscripcionRoutes.js
FNF:0
FNH:0
DA:6,0
DA:9,0
DA:10,0
DA:13,0
DA:14,0
DA:17,0
LF:6
LH:0
BRF:0
BRH:0
end_of_record
TN:
SF:backend\services\InscripcionFacade.js
FN:18,(anonymous_0)
FN:26,(anonymous_1)
FN:44,(anonymous_2)
FN:104,(anonymous_3)
FN:109,(anonymous_4)
FNF:5
FNH:0
FNDA:0,(anonymous_0)
FNDA:0,(anonymous_1)
FNDA:0,(anonymous_2)
FNDA:0,(anonymous_3)
FNDA:0,(anonymous_4)
DA:19,0
DA:27,0
DA:28,0
DA:30,0
DA:31,0
DA:32,0
DA:34,0
DA:35,0
DA:36,0
DA:39,0
DA:40,0
DA:41,0
DA:44,0
DA:45,0
DA:51,0
DA:52,0
DA:55,0
DA:56,0
DA:58,0
DA:59,0
DA:60,0
DA:62,0
DA:63,0
DA:64,0
DA:68,0
DA:75,0
DA:76,0
DA:79,0
DA:82,0
DA:89,0
DA:92,0
DA:94,0
DA:95,0
DA:97,0
DA:100,0
DA:105,0
DA:106,0
DA:108,0
DA:109,0
DA:110,0
DA:112,0
DA:113,0
DA:114,0
DA:116,0
DA:117,0
DA:120,0
DA:122,0
DA:123,0
DA:126,0
DA:133,0
DA:136,0
DA:138,0
LF:52
LH:0
BRDA:32,0,0,0
BRDA:32,0,1,0
BRDA:35,1,0,0
BRDA:35,1,1,0
BRDA:35,2,0,0
BRDA:35,2,1,0
BRDA:51,3,0,0
BRDA:51,3,1,0
BRDA:51,4,0,0
BRDA:51,4,1,0
BRDA:56,5,0,0
BRDA:56,5,1,0
BRDA:59,6,0,0
BRDA:59,6,1,0
BRDA:63,7,0,0
BRDA:63,7,1,0
BRDA:75,8,0,0
BRDA:75,8,1,0
BRDA:79,9,0,0
BRDA:79,9,1,0
BRDA:112,10,0,0
BRDA:112,10,1,0
BRDA:113,11,0,0
BRDA:113,11,1,0
BRDA:116,12,0,0
BRDA:116,12,1,0
BRDA:122,13,0,0
BRDA:122,13,1,0
BRF:28
BRH:0
end_of_record
TN:
SF:backend\services\validations\ValidacionStrategy.js
FN:17,(anonymous_0)
FNF:1
FNH:1
FNDA:1,(anonymous_0)
DA:18,1
LF:1
LH:1
BRF:0
BRH:0
end_of_record
TN:
SF:backend\services\validations\ValidarHorario.js
FN:9,(anonymous_0)
FN:27,(anonymous_1)
FN:33,(anonymous_2)
FN:34,(anonymous_3)
FN:36,(anonymous_4)
FNF:5
FNH:5
FNDA:3,(anonymous_0)
FNDA:3,(anonymous_1)
FNDA:3,(anonymous_2)
FNDA:2,(anonymous_3)
FNDA:3,(anonymous_4)
DA:10,3
DA:13,3
DA:18,3
DA:19,3
DA:20,1
DA:24,2
DA:30,3
DA:33,3
DA:34,2
DA:36,3
LF:10
LH:10
BRDA:19,0,0,1
BRDA:19,0,1,2
BRDA:30,1,0,1
BRDA:30,1,1,2
BRDA:30,2,0,3
BRDA:30,2,1,2
BRF:6
BRH:6
end_of_record
TN:
SF:backend\services\validations\ValidarMorosidad.js
FN:8,(anonymous_0)
FNF:1
FNH:1
FNDA:2,(anonymous_0)
DA:9,2
DA:11,2
DA:12,2
DA:13,1
DA:16,1
LF:5
LH:5
BRDA:12,0,0,1
BRDA:12,0,1,1
BRF:2
BRH:2
end_of_record
TN:
SF:backend\services\validations\ValidarPrerrequisitos.js
FN:10,(anonymous_0)
FN:21,(anonymous_1)
FNF:2
FNH:2
FNDA:3,(anonymous_0)
FNDA:4,(anonymous_1)
DA:11,3
DA:14,3
DA:17,3
DA:20,2
DA:21,4
DA:24,2
DA:25,4
DA:26,1
DA:30,1
LF:9
LH:9
BRDA:17,0,0,1
BRDA:17,0,1,2
BRDA:25,1,0,1
BRDA:25,1,1,3
BRF:4
BRH:4
end_of_record
TN:
SF:backend\utils\jwt.js
FN:6,getSecret
FN:16,encodeBase64Url
FN:24,decodeBase64Url
FN:32,parseExpiresInSeconds
FN:54,sign
FN:64,generateToken
FN:92,verifyToken
FN:127,generateAccessToken
FN:139,generateRefreshToken
FNF:9
FNH:9
FNDA:14,getSecret
FNDA:16,encodeBase64Url
FNDA:6,decodeBase64Url
FNDA:8,parseExpiresInSeconds
FNDA:14,sign
FNDA:8,generateToken
FNDA:10,verifyToken
FNDA:6,generateAccessToken
FNDA:2,generateRefreshToken
DA:3,2
DA:4,2
DA:7,14
DA:11,14
DA:17,16
DA:25,6
DA:28,6
DA:29,6
DA:33,8
DA:35,8
DA:36,0
DA:39,8
DA:40,8
DA:42,8
DA:43,8
DA:44,8
DA:51,8
DA:55,14
DA:65,8
DA:66,8
DA:69,8
DA:70,8
DA:72,8
DA:77,8
DA:84,8
DA:85,8
DA:86,8
DA:87,8
DA:89,8
DA:93,10
DA:94,2
DA:97,8
DA:98,8
DA:99,2
DA:102,6
DA:103,6
DA:104,6
DA:105,6
DA:106,6
DA:108,6
DA:109,6
DA:111,6
DA:112,2
DA:115,4
DA:116,4
DA:117,0
DA:120,4
DA:121,1
DA:124,3
DA:128,6
DA:140,2
LF:51
LH:49
BRDA:7,0,0,5
BRDA:7,0,1,9
BRDA:11,1,0,14
BRDA:11,1,1,2
BRDA:11,2,0,0
BRDA:11,2,1,2
BRDA:33,3,0,0
BRDA:33,3,1,8
BRDA:35,4,0,0
BRDA:35,4,1,8
BRDA:40,5,0,0
BRDA:40,5,1,8
BRDA:64,6,0,0
BRDA:65,7,0,8
BRDA:65,7,1,0
BRDA:66,8,0,2
BRDA:66,8,1,6
BRDA:92,9,0,0
BRDA:93,10,0,2
BRDA:93,10,1,8
BRDA:93,11,0,10
BRDA:93,11,1,8
BRDA:98,12,0,2
BRDA:98,12,1,6
BRDA:105,13,0,6
BRDA:105,13,1,0
BRDA:105,13,2,0
BRDA:111,14,0,2
BRDA:111,14,1,4
BRDA:111,15,0,6
BRDA:111,15,1,6
BRDA:116,16,0,0
BRDA:116,16,1,4
BRDA:116,17,0,4
BRDA:116,17,1,4
BRDA:120,18,0,1
BRDA:120,18,1,3
BRDA:120,19,0,4
BRDA:120,19,1,4
BRDA:135,20,0,6
BRDA:135,20,1,6
BRDA:146,21,0,2
BRDA:146,21,1,2
BRF:43
BRH:33
end_of_record
TN:
SF:backend\utils\validators.js
FN:1,parsePositiveInteger
FN:11,parseNonNegativeInteger
FN:21,validateRequiredString
FNF:3
FNH:3
FNDA:8,parsePositiveInteger
FNDA:6,parseNonNegativeInteger
FNDA:8,validateRequiredString
DA:2,8
DA:4,8
DA:5,6
DA:8,2
DA:12,6
DA:14,6
DA:15,3
DA:18,3
DA:22,8
DA:23,5
DA:26,3
DA:27,3
DA:28,1
DA:31,2
LF:14
LH:14
BRDA:4,0,0,6
BRDA:4,0,1,2
BRDA:4,1,0,8
BRDA:4,1,1,5
BRDA:14,2,0,3
BRDA:14,2,1,3
BRDA:14,3,0,6
BRDA:14,3,1,4
BRDA:21,4,0,7
BRDA:22,5,0,5
BRDA:22,5,1,3
BRDA:22,6,0,8
BRDA:22,6,1,5
BRDA:27,7,0,1
BRDA:27,7,1,2
BRF:15
BRH:15
end_of_record
